<?xml version="1.0" encoding="UTF-8"?>
<!-- Generated by org.testng.reporters.JUnitReportReporter -->
<testsuite hostname="CPDK217" failures="0" tests="1" name="test.Login_Runner" time="6.406" errors="0" timestamp="2025-08-29T11:12:03 IST" skipped="0">
  <testcase classname="test.Login_Runner" name="f" time="6.406"/>
</testsuite> <!-- test.Login_Runner -->
